2025-09-20 17:33:27,073 - __main__ - INFO - 업로드 디렉토리 생성/확인 완료: /Users/yyoongs/Desktop/fastAPItest/uploads
2025-09-20 17:33:27,073 - __main__ - INFO - 동시 업로드 제한 설정: 1000개
2025-09-20 17:33:27,608 - __mp_main__ - INFO - 업로드 디렉토리 생성/확인 완료: /Users/yyoongs/Desktop/fastAPItest/uploads
2025-09-20 17:33:27,608 - __mp_main__ - INFO - 동시 업로드 제한 설정: 1000개
2025-09-20 17:33:28,071 - main - INFO - 업로드 디렉토리 생성/확인 완료: /Users/yyoongs/Desktop/fastAPItest/uploads
2025-09-20 17:33:28,071 - main - INFO - 동시 업로드 제한 설정: 1000개
2025-09-20 17:33:28,074 - main - INFO - ============================================================
2025-09-20 17:33:28,074 - main - INFO - 🚀 고성능 이미지 업로드 API 서버 시작!
2025-09-20 17:33:28,074 - main - INFO - ============================================================
2025-09-20 17:33:28,075 - main - INFO - 📁 업로드 디렉토리: /Users/yyoongs/Desktop/fastAPItest/uploads
2025-09-20 17:33:28,075 - main - INFO - 📏 최대 파일 크기: 50MB
2025-09-20 17:33:28,075 - main - INFO - 📋 지원 파일 형식: .bmp, .jpeg, .gif, .jpg, .webp, .png
2025-09-20 17:33:28,075 - main - INFO - ⚡ 최대 동시 업로드: 1000개
2025-09-20 17:33:28,075 - main - INFO - 🌐 서버 주소: http://0.0.0.0:8000
2025-09-20 17:33:28,075 - main - INFO - 📖 API 문서: http://0.0.0.0:8000/docs
2025-09-20 17:33:28,075 - main - INFO - ============================================================
2025-09-20 17:36:18,769 - watchfiles.main - INFO - 1 change detected
2025-09-20 17:36:19,508 - watchfiles.main - INFO - 1 change detected
2025-09-20 17:37:58,768 - main - INFO - 🛑 서버 종료 중...
2025-09-20 17:37:58,769 - main - INFO - 👋 안전하게 종료되었습니다.
2025-09-20 17:40:59,210 - __main__ - INFO - 업로드 디렉토리 생성/확인 완료: /Users/yyoongs/Desktop/fastAPItest/uploads
2025-09-20 17:40:59,210 - __main__ - INFO - 동시 업로드 제한 설정: 1000개
2025-09-20 17:40:59,366 - __mp_main__ - INFO - 업로드 디렉토리 생성/확인 완료: /Users/yyoongs/Desktop/fastAPItest/uploads
2025-09-20 17:40:59,366 - __mp_main__ - INFO - 동시 업로드 제한 설정: 1000개
2025-09-20 17:40:59,381 - main - INFO - 업로드 디렉토리 생성/확인 완료: /Users/yyoongs/Desktop/fastAPItest/uploads
2025-09-20 17:40:59,381 - main - INFO - 동시 업로드 제한 설정: 1000개
2025-09-20 17:40:59,382 - main - INFO - ============================================================
2025-09-20 17:40:59,382 - main - INFO - 🚀 고성능 이미지 업로드 API 서버 시작!
2025-09-20 17:40:59,382 - main - INFO - ============================================================
2025-09-20 17:40:59,382 - main - INFO - 📁 업로드 디렉토리: /Users/yyoongs/Desktop/fastAPItest/uploads
2025-09-20 17:40:59,382 - main - INFO - 📏 최대 파일 크기: 50MB
2025-09-20 17:40:59,382 - main - INFO - 📋 지원 파일 형식: .webp, .jpg, .bmp, .png, .gif, .jpeg
2025-09-20 17:40:59,382 - main - INFO - ⚡ 최대 동시 업로드: 1000개
2025-09-20 17:40:59,382 - main - INFO - 🌐 서버 주소: http://0.0.0.0:8000
2025-09-20 17:40:59,382 - main - INFO - 📖 API 문서: http://0.0.0.0:8000/docs
2025-09-20 17:40:59,382 - main - INFO - ============================================================
2025-09-20 17:41:45,193 - main - INFO - 🛑 서버 종료 중...
2025-09-20 17:41:45,193 - main - INFO - 👋 안전하게 종료되었습니다.
2025-09-20 17:41:45,365 - __mp_main__ - INFO - 업로드 디렉토리 생성/확인 완료: /Users/yyoongs/Desktop/fastAPItest/uploads
2025-09-20 17:41:45,365 - __mp_main__ - INFO - 동시 업로드 제한 설정: 1000개
2025-09-20 17:41:45,379 - main - INFO - 업로드 디렉토리 생성/확인 완료: /Users/yyoongs/Desktop/fastAPItest/uploads
2025-09-20 17:41:45,379 - main - INFO - 동시 업로드 제한 설정: 1000개
2025-09-20 17:41:45,379 - main - INFO - ============================================================
2025-09-20 17:41:45,379 - main - INFO - 🚀 고성능 이미지 업로드 API 서버 시작!
2025-09-20 17:41:45,380 - main - INFO - ============================================================
2025-09-20 17:41:45,380 - main - INFO - 📁 업로드 디렉토리: /Users/yyoongs/Desktop/fastAPItest/uploads
2025-09-20 17:41:45,380 - main - INFO - 📏 최대 파일 크기: 50MB
2025-09-20 17:41:45,380 - main - INFO - 📋 지원 파일 형식: .png, .gif, .webp, .jpeg, .jpg, .bmp
2025-09-20 17:41:45,380 - main - INFO - ⚡ 최대 동시 업로드: 1000개
2025-09-20 17:41:45,380 - main - INFO - 🌐 서버 주소: http://0.0.0.0:8000
2025-09-20 17:41:45,380 - main - INFO - 📖 API 문서: http://0.0.0.0:8000/docs
2025-09-20 17:41:45,380 - main - INFO - ============================================================
2025-09-20 17:41:47,200 - main - INFO - 🛑 서버 종료 중...
2025-09-20 17:41:47,200 - main - INFO - 👋 안전하게 종료되었습니다.
2025-09-20 17:41:47,390 - __mp_main__ - INFO - 업로드 디렉토리 생성/확인 완료: /Users/yyoongs/Desktop/fastAPItest/uploads
2025-09-20 17:41:47,390 - __mp_main__ - INFO - 동시 업로드 제한 설정: 1000개
2025-09-20 17:41:47,404 - main - INFO - 업로드 디렉토리 생성/확인 완료: /Users/yyoongs/Desktop/fastAPItest/uploads
2025-09-20 17:41:47,404 - main - INFO - 동시 업로드 제한 설정: 1000개
2025-09-20 17:41:47,405 - main - INFO - ============================================================
2025-09-20 17:41:47,405 - main - INFO - 🚀 고성능 이미지 업로드 API 서버 시작!
2025-09-20 17:41:47,405 - main - INFO - ============================================================
2025-09-20 17:41:47,405 - main - INFO - 📁 업로드 디렉토리: /Users/yyoongs/Desktop/fastAPItest/uploads
2025-09-20 17:41:47,405 - main - INFO - 📏 최대 파일 크기: 50MB
2025-09-20 17:41:47,405 - main - INFO - 📋 지원 파일 형식: .bmp, .jpg, .jpeg, .gif, .webp, .png
2025-09-20 17:41:47,405 - main - INFO - ⚡ 최대 동시 업로드: 1000개
2025-09-20 17:41:47,405 - main - INFO - 🌐 서버 주소: http://0.0.0.0:8000
2025-09-20 17:41:47,405 - main - INFO - 📖 API 문서: http://0.0.0.0:8000/docs
2025-09-20 17:41:47,405 - main - INFO - ============================================================
2025-09-20 17:42:36,965 - main - INFO - 📋 업로드된 파일 목록 조회 요청
2025-09-20 17:42:36,965 - main - INFO - 📊 파일 목록 조회 완료: 0개 파일
2025-09-20 17:44:11,129 - main - INFO - 📋 업로드된 파일 목록 조회 요청
2025-09-20 17:44:11,129 - main - INFO - 📊 파일 목록 조회 완료: 0개 파일
2025-09-20 17:45:55,048 - main - INFO - 📤 다중 파일 업로드 요청: 1개 파일
2025-09-20 17:45:55,049 - main - INFO - 📋 파일 1/1 처리 중: testimg.jpeg
2025-09-20 17:45:55,049 - main - INFO - 💾 파일 1 저장 준비: testimg.jpeg -> 20250920_174555_db23217f.jpeg (22,764 bytes)
2025-09-20 17:45:55,050 - main - INFO - 🚀 1개 파일 동시 저장 시작
2025-09-20 17:45:55,057 - main - INFO - 파일 저장 완료: 20250920_174555_db23217f.jpeg
2025-09-20 17:45:55,057 - main - INFO - ✅ 파일 1/1 저장 완료: 20250920_174555_db23217f.jpeg
2025-09-20 17:45:55,057 - main - INFO - 📊 다중 업로드 완료: 1/1 파일 성공
